<?xml version="1.0" encoding="UTF-8" standalone="yes"?><!DOCTYPE report PUBLIC "-//JACOCO//DTD Report 1.0//EN" "report.dtd"><report name="JaCoCo Ant Example"><sessioninfo id="Dumpling-7b35a5a9" start="1526262998114" dump="1526263022117"/><sessioninfo id="Dumpling-2231c472" start="1526263122709" dump="1526263147389"/><sessioninfo id="Dumpling-b43a74d1" start="1526263380207" dump="1526263404119"/><sessioninfo id="Dumpling-9ceebbe3" start="1526263789604" dump="1526263813668"/><sessioninfo id="Dumpling-35147622" start="1526264373299" dump="1526264399773"/><sessioninfo id="Dumpling-852c2c9f" start="1526264568058" dump="1526264593821"/><sessioninfo id="Dumpling-f77d8200" start="1526264705944" dump="1526264730545"/><sessioninfo id="Dumpling-471b1760" start="1526266618646" dump="1526266644480"/><sessioninfo id="Dumpling-4c27fa98" start="1526266963819" dump="1526266987824"/><sessioninfo id="Dumpling-8ba83e00" start="1526267050466" dump="1526267075861"/></report>